\BOOKMARK [1][-]{section.1}{\376\377\000S\000u\000m\000m\000a\000r\000y}{}% 1
\BOOKMARK [2][-]{subsection.1.1}{\376\377\000W\000h\000a\000t\000\040\000w\000e\000\040\000b\000u\000i\000l\000t\000\040\000o\000n\000\040\000p\000e\000a\000q}{section.1}% 2
\BOOKMARK [2][-]{subsection.1.2}{\376\377\000W\000h\000e\000r\000e\000\040\000w\000e\000\040\000a\000r\000e\000\040\000t\000o\000d\000a\000y}{section.1}% 3
\BOOKMARK [1][-]{section.2}{\376\377\000W\000h\000y\000\040\000p\000e\000a\000q}{}% 4
\BOOKMARK [2][-]{subsection.2.1}{\376\377\000T\000h\000e\000\040\000d\000e\000c\000i\000s\000i\000o\000n\000\040\000m\000a\000t\000r\000i\000x}{section.2}% 5
\BOOKMARK [1][-]{section.3}{\376\377\000W\000h\000a\000t\000\040\000w\000e\000\040\000b\000u\000i\000l\000t\000\040\000\050\000t\000h\000r\000e\000e\000\040\000u\000s\000e\000\040\000c\000a\000s\000e\000s\000\051}{}% 6
\BOOKMARK [2][-]{subsection.3.1}{\376\377\000I\000n\000s\000u\000r\000a\000n\000c\000e\000\040\000R\000i\000s\000k\000\040\000O\000r\000a\000c\000l\000e}{section.3}% 7
\BOOKMARK [3][-]{subsubsection.3.1.1}{\376\377\000T\000h\000e\000\040\000p\000r\000o\000b\000l\000e\000m}{subsection.3.1}% 8
\BOOKMARK [3][-]{subsubsection.3.1.2}{\376\377\000T\000h\000e\000\040\000s\000o\000l\000u\000t\000i\000o\000n}{subsection.3.1}% 9
\BOOKMARK [3][-]{subsubsection.3.1.3}{\376\377\000H\000o\000w\000\040\000i\000t\000\040\000w\000o\000r\000k\000s}{subsection.3.1}% 10
\BOOKMARK [3][-]{subsubsection.3.1.4}{\376\377\000E\000x\000a\000m\000p\000l\000e}{subsection.3.1}% 11
\BOOKMARK [3][-]{subsubsection.3.1.5}{\376\377\000W\000h\000y\000\040\000o\000n\000-\000c\000h\000a\000i\000n\000,\000\040\000n\000o\000t\000\040\000i\000n\000\040\000o\000u\000r\000\040\000d\000a\000t\000a\000b\000a\000s\000e}{subsection.3.1}% 12
\BOOKMARK [3][-]{subsubsection.3.1.6}{\376\377\000R\000o\000l\000e\000s}{subsection.3.1}% 13
\BOOKMARK [2][-]{subsection.3.2}{\376\377\000H\000i\000g\000h\000-\000R\000i\000s\000k\000\040\000C\000o\000m\000m\000a\000n\000d\000\040\000V\000a\000u\000l\000t}{section.3}% 14
\BOOKMARK [3][-]{subsubsection.3.2.1}{\376\377\000T\000h\000e\000\040\000p\000r\000o\000b\000l\000e\000m}{subsection.3.2}% 15
\BOOKMARK [3][-]{subsubsection.3.2.2}{\376\377\000T\000h\000e\000\040\000s\000o\000l\000u\000t\000i\000o\000n}{subsection.3.2}% 16
\BOOKMARK [3][-]{subsubsection.3.2.3}{\376\377\000S\000t\000a\000t\000e\000s\000\040\000t\000h\000e\000\040\000c\000o\000m\000m\000a\000n\000d\000\040\000g\000o\000e\000s\000\040\000t\000h\000r\000o\000u\000g\000h}{subsection.3.2}% 17
\BOOKMARK [3][-]{subsubsection.3.2.4}{\376\377\000H\000o\000w\000\040\000i\000t\000\040\000w\000o\000r\000k\000s}{subsection.3.2}% 18
\BOOKMARK [3][-]{subsubsection.3.2.5}{\376\377\000E\000x\000a\000m\000p\000l\000e}{subsection.3.2}% 19
\BOOKMARK [3][-]{subsubsection.3.2.6}{\376\377\000W\000h\000y\000\040\000o\000n\000-\000c\000h\000a\000i\000n\000,\000\040\000n\000o\000t\000\040\000S\000l\000a\000c\000k\000\040\000a\000p\000p\000r\000o\000v\000a\000l\000s}{subsection.3.2}% 20
\BOOKMARK [3][-]{subsubsection.3.2.7}{\376\377\000R\000o\000l\000e\000s}{subsection.3.2}% 21
\BOOKMARK [2][-]{subsection.3.3}{\376\377\000C\000r\000e\000d\000e\000n\000t\000i\000a\000l\000\040\000R\000e\000v\000o\000c\000a\000t\000i\000o\000n\000\040\000R\000e\000g\000i\000s\000t\000r\000y}{section.3}% 22
\BOOKMARK [3][-]{subsubsection.3.3.1}{\376\377\000T\000h\000e\000\040\000p\000r\000o\000b\000l\000e\000m}{subsection.3.3}% 23
\BOOKMARK [3][-]{subsubsection.3.3.2}{\376\377\000T\000h\000e\000\040\000s\000o\000l\000u\000t\000i\000o\000n}{subsection.3.3}% 24
\BOOKMARK [3][-]{subsubsection.3.3.3}{\376\377\000H\000o\000w\000\040\000i\000t\000\040\000w\000o\000r\000k\000s}{subsection.3.3}% 25
\BOOKMARK [3][-]{subsubsection.3.3.4}{\376\377\000E\000x\000a\000m\000p\000l\000e}{subsection.3.3}% 26
\BOOKMARK [3][-]{subsubsection.3.3.5}{\376\377\000W\000h\000y\000\040\000o\000n\000-\000c\000h\000a\000i\000n\000,\000\040\000n\000o\000t\000\040\000t\000h\000e\000\040\000N\000T\000S\000A\000\040\000p\000o\000r\000t\000a\000l}{subsection.3.3}% 27
\BOOKMARK [3][-]{subsubsection.3.3.6}{\376\377\000R\000o\000l\000e\000s}{subsection.3.3}% 28
\BOOKMARK [1][-]{section.4}{\376\377\000H\000o\000w\000\040\000i\000t\000\040\000a\000l\000l\000\040\000f\000i\000t\000s\000\040\000t\000o\000g\000e\000t\000h\000e\000r}{}% 29
\BOOKMARK [2][-]{subsection.4.1}{\376\377\000T\000h\000e\000\040\000a\000r\000c\000h\000i\000t\000e\000c\000t\000u\000r\000e}{section.4}% 30
\BOOKMARK [2][-]{subsection.4.2}{\376\377\000T\000h\000r\000e\000e\000\040\000f\000l\000o\000w\000s\000,\000\040\000e\000v\000e\000r\000y\000\040\000d\000a\000y}{section.4}% 31
\BOOKMARK [1][-]{section.5}{\376\377\000T\000h\000e\000\040\000p\000e\000a\000q\000\040\000f\000o\000o\000t\000p\000r\000i\000n\000t\000\040\000w\000e\000\040\000u\000s\000e}{}% 32
\BOOKMARK [1][-]{section.6}{\376\377\000M\000i\000l\000e\000s\000t\000o\000n\000e\000s\000\040\000r\000e\000a\000c\000h\000e\000d}{}% 33
\BOOKMARK [1][-]{section.7}{\376\377\000R\000o\000a\000d\000m\000a\000p}{}% 34
\BOOKMARK [2][-]{subsection.7.1}{\376\377\000V\000i\000s\000u\000a\000l\000\040\000t\000i\000m\000e\000l\000i\000n\000e}{section.7}% 35
\BOOKMARK [2][-]{subsection.7.2}{\376\377\000R\000o\000a\000d\000m\000a\000p\000\040\000d\000e\000t\000a\000i\000l}{section.7}% 36
\BOOKMARK [1][-]{section.8}{\376\377\000W\000h\000a\000t\000\040\000w\000e\000\040\000n\000e\000e\000d\000\040\000f\000r\000o\000m\000\040\000t\000h\000e\000\040\000p\000e\000a\000q\000\040\000t\000e\000a\000m}{}% 37
\BOOKMARK [2][-]{subsection.8.1}{\376\377\000A\000n\000s\000w\000e\000r\000s\000\040\000t\000o\000\040\000s\000e\000v\000e\000n\000\040\000o\000p\000e\000n\000\040\000q\000u\000e\000s\000t\000i\000o\000n\000s}{section.8}% 38
\BOOKMARK [2][-]{subsection.8.2}{\376\377\000C\000o\000d\000e\000\040\000r\000e\000v\000i\000e\000w}{section.8}% 39
\BOOKMARK [2][-]{subsection.8.3}{\376\377\000H\000e\000l\000p\000\040\000w\000i\000t\000h\000\040\000g\000o\000i\000n\000g\000\040\000t\000o\000\040\000m\000a\000i\000n\000n\000e\000t}{section.8}% 40
\BOOKMARK [2][-]{subsection.8.4}{\376\377\000J\000o\000i\000n\000t\000\040\000m\000a\000r\000k\000e\000t\000i\000n\000g}{section.8}% 41
\BOOKMARK [1][-]{section.9}{\376\377\000N\000e\000x\000t\000\040\000a\000c\000t\000i\000o\000n\000s}{}% 42
\BOOKMARK [2][-]{subsection.9.1}{\376\377\000F\000o\000r\000\040\000t\000h\000e\000\040\000p\000e\000a\000q\000\040\000t\000e\000a\000m}{section.9}% 43
\BOOKMARK [2][-]{subsection.9.2}{\376\377\000F\000o\000r\000\040\000A\000X\000I\000\040\000\050\000i\000n\000\040\000p\000a\000r\000a\000l\000l\000e\000l\000\051}{section.9}% 44
\BOOKMARK [2][-]{subsection.9.3}{\376\377\000R\000e\000p\000o\000s\000i\000t\000o\000r\000y\000\040\000l\000i\000n\000k\000s}{section.9}% 45
\BOOKMARK [2][-]{subsection.9.4}{\376\377\000D\000o\000c\000u\000m\000e\000n\000t\000s\000\040\000i\000n\000\040\000t\000h\000i\000s\000\040\000p\000a\000c\000k\000e\000t}{section.9}% 46
\BOOKMARK [1][-]{section.10}{\376\377\000C\000o\000n\000t\000r\000i\000b\000u\000t\000o\000r\000s}{}% 47
\BOOKMARK [1][-]{section.10}{\376\377\000D\000o\000c\000u\000m\000e\000n\000t\000\040\000i\000n\000f\000o}{}% 48
